Unable to init server: Impossible de se connecter : Connexion refusée

Geany: cannot open display

libGL error: No matching fbConfigs or visuals found
libGL error: failed to load driver: swrast
geany: Warning: ignoring null tag in /home/pi/cirmrasp/clients/raspberry/rasp.js
geany: Warning: ignoring null tag in /home/pi/cirmrasp/clients/raspberry/rasp.js
geany: Warning: ignoring null tag in /home/pi/cirmrasp/clients/raspberry/rasp.js
geany: Warning: ignoring null tag in /home/pi/cirmrasp/clients/raspberry/rasp.js
geany: Warning: ignoring null tag in /home/pi/cirmrasp/clients/raspberry/rasp.js
geany: Warning: ignoring null tag in /home/pi/cirmrasp/clients/raspberry/rasp.js
geany: Warning: ignoring null tag in /home/pi/cirmrasp/clients/raspberry/rasp.js
geany: Warning: ignoring null tag in /home/pi/cirmrasp/clients/raspberry/rasp.js
geany: Warning: ignoring null tag in /home/pi/cirmrasp/clients/raspberry/rasp.js
geany: Warning: ignoring null tag in /home/pi/cirmrasp/clients/raspberry/rasp.js

(lxtask:2400): Gdk-WARNING **: 17:46:33.553: gdk_window_set_icon_list: icons too large
PuTTY X11 proxy: unable to connect to forwarded X server: Network error: Connection refused
Unable to init server: Impossible de se connecter : Connexion refusée

Geany: cannot open display

geany: Warning: ignoring null tag in /home/pi/cirmrasp/clients/raspberry/rasp.js
geany: Warning: ignoring null tag in /home/pi/cirmrasp/clients/raspberry/rasp.js
geany: Warning: ignoring null tag in /home/pi/cirmrasp/clients/raspberry/rasp.js
geany: Warning: ignoring null tag in /home/pi/cirmrasp/clients/raspberry/rasp.js
geany: Warning: ignoring null tag in /home/pi/cirmrasp/clients/raspberry/rasp.js
geany: Warning: ignoring null tag in /home/pi/cirmrasp/clients/raspberry/rasp.js
geany: Warning: ignoring null tag in /home/pi/cirmrasp/clients/raspberry/rasp.js
geany: Warning: ignoring null tag in /home/pi/cirmrasp/clients/raspberry/rasp.js
geany: Warning: ignoring null tag in /home/pi/cirmrasp/clients/raspberry/rasp.js
geany: Warning: ignoring null tag in /home/pi/cirmrasp/clients/raspberry/rasp.js
geany: Warning: ignoring null tag in /home/pi/cirmrasp/clients/raspberry/rasp.js
geany: Warning: ignoring null tag in /home/pi/cirmrasp/clients/raspberry/rasp.js
geany: Warning: ignoring null tag in /home/pi/cirmrasp/clients/raspberry/rasp.js
geany: Warning: ignoring null tag in /home/pi/cirmrasp/clients/raspberry/rasp.js
geany: Warning: ignoring null tag in /home/pi/cirmrasp/clients/raspberry/rasp.js
geany: Warning: ignoring null tag in /home/pi/cirmrasp/clients/raspberry/rasp.js
geany: Warning: ignoring null tag in /home/pi/cirmrasp/clients/raspberry/rasp.js
geany: Warning: ignoring null tag in /home/pi/cirmrasp/clients/raspberry/rasp.js
geany: Warning: ignoring null tag in /home/pi/cirmrasp/clients/raspberry/rasp.js
geany: Warning: ignoring null tag in /home/pi/cirmrasp/clients/raspberry/rasp.js
geany: Warning: ignoring null tag in /home/pi/cirmrasp/clients/raspberry/rasp.js
geany: Warning: ignoring null tag in /home/pi/cirmrasp/clients/raspberry/rasp.js
geany: Warning: ignoring null tag in /home/pi/cirmrasp/clients/raspberry/rasp.js
geany: Warning: ignoring null tag in /home/pi/cirmrasp/clients/raspberry/rasp.js
geany: Warning: ignoring null tag in /home/pi/cirmrasp/clients/raspberry/rasp.js
geany: Warning: ignoring null tag in /home/pi/cirmrasp/clients/raspberry/rasp.js
geany: Warning: ignoring null tag in /home/pi/cirmrasp/clients/raspberry/rasp.js
geany: Warning: ignoring null tag in /home/pi/cirmrasp/clients/raspberry/rasp.js
geany: Warning: ignoring null tag in /home/pi/cirmrasp/clients/raspberry/rasp.js
geany: Warning: ignoring null tag in /home/pi/cirmrasp/clients/raspberry/rasp.js
geany: Warning: ignoring null tag in /home/pi/cirmrasp/clients/raspberry/rasp.js
geany: Warning: ignoring null tag in /home/pi/cirmrasp/clients/raspberry/rasp.js
Gdk-Message: 09:51:45.092: geany: Fatal IO error 11 (Ressource temporairement non disponible) on X server localhost:10.0.

geany: Warning: ignoring null tag in /home/pi/cirmrasp/clients/raspberry/rasp.js
geany: Warning: ignoring null tag in /home/pi/cirmrasp/clients/raspberry/rasp.js
geany: Warning: ignoring null tag in /home/pi/cirmrasp/clients/raspberry/rasp.js
geany: Warning: ignoring null tag in /home/pi/cirmrasp/clients/raspberry/rasp.js
geany: Warning: ignoring null tag in /home/pi/cirmrasp/clients/raspberry/rasp.js
geany: Warning: ignoring null tag in /home/pi/cirmrasp/clients/raspberry/rasp.js
geany: Warning: ignoring null tag in /home/pi/cirmrasp/clients/raspberry/rasp.js
geany: Warning: ignoring null tag in /home/pi/cirmrasp/clients/raspberry/rasp.js
geany: Warning: ignoring null tag in /home/pi/cirmrasp/clients/raspberry/rasp.js
geany: Warning: ignoring null tag in /home/pi/cirmrasp/clients/raspberry/rasp.js
geany: Warning: ignoring null tag in /home/pi/cirmrasp/clients/raspberry/rasp.js
geany: Warning: ignoring null tag in /home/pi/cirmrasp/clients/raspberry/rasp.js
geany: Warning: ignoring null tag in /home/pi/cirmrasp/clients/raspberry/rasp.js
geany: Warning: ignoring null tag in /home/pi/cirmrasp/clients/raspberry/rasp.js
geany: Warning: ignoring null tag in /home/pi/cirmrasp/clients/raspberry/rasp.js
geany: Warning: ignoring null tag in /home/pi/cirmrasp/clients/raspberry/rasp.js
geany: Warning: ignoring null tag in /home/pi/cirmrasp/clients/raspberry/rasp.js
geany: Warning: ignoring null tag in /home/pi/cirmrasp/clients/raspberry/rasp.js
geany: Warning: ignoring null tag in /home/pi/cirmrasp/clients/raspberry/rasp.js
geany: Warning: ignoring null tag in /home/pi/cirmrasp/clients/raspberry/rasp.js
geany: Warning: ignoring null tag in /home/pi/cirmrasp/clients/raspberry/rasp.js
geany: Warning: ignoring null tag in /home/pi/cirmrasp/clients/raspberry/rasp.js
geany: Warning: ignoring null tag in /home/pi/cirmrasp/clients/raspberry/rasp.js
geany: Warning: ignoring null tag in /home/pi/cirmrasp/clients/raspberry/rasp.js
geany: Warning: ignoring null tag in /home/pi/cirmrasp/clients/raspberry/rasp.js
geany: Warning: ignoring null tag in /home/pi/cirmrasp/clients/raspberry/rasp.js
geany: Warning: ignoring null tag in /home/pi/cirmrasp/clients/raspberry/rasp.js
geany: Warning: ignoring null tag in /home/pi/cirmrasp/clients/raspberry/rasp.js
geany: Warning: ignoring null tag in /home/pi/cirmrasp/clients/raspberry/rasp.js
geany: Warning: ignoring null tag in /home/pi/cirmrasp/clients/raspberry/rasp.js
geany: Warning: ignoring null tag in /home/pi/cirmrasp/clients/raspberry/rasp.js
geany: Warning: ignoring null tag in /home/pi/cirmrasp/clients/raspberry/rasp.js
geany: Warning: ignoring null tag in /home/pi/cirmrasp/clients/raspberry/rasp.js
geany: Warning: ignoring null tag in /home/pi/cirmrasp/clients/raspberry/rasp.js
geany: Warning: ignoring null tag in /home/pi/cirmrasp/clients/raspberry/rasp.js
geany: Warning: ignoring null tag in /home/pi/cirmrasp/clients/raspberry/rasp.js
geany: Warning: ignoring null tag in /home/pi/cirmrasp/clients/raspberry/rasp.js
geany: Warning: ignoring null tag in /home/pi/cirmrasp/clients/raspberry/rasp.js
geany: Warning: ignoring null tag in /home/pi/cirmrasp/clients/raspberry/rasp.js
geany: Warning: ignoring null tag in /home/pi/cirmrasp/clients/raspberry/rasp.js
geany: Warning: ignoring null tag in /home/pi/cirmrasp/clients/raspberry/rasp.js
geany: Warning: ignoring null tag in /home/pi/cirmrasp/clients/raspberry/rasp.js
geany: Warning: ignoring null tag in /home/pi/cirmrasp/clients/raspberry/rasp.js
geany: Warning: ignoring null tag in /home/pi/cirmrasp/clients/raspberry/rasp.js
geany: Warning: ignoring null tag in /home/pi/cirmrasp/clients/raspberry/rasp.js
geany: Warning: ignoring null tag in /home/pi/cirmrasp/clients/raspberry/rasp.js
geany: Warning: ignoring null tag in /home/pi/cirmrasp/clients/raspberry/rasp.js
geany: Warning: ignoring null tag in /home/pi/cirmrasp/clients/raspberry/rasp.js
geany: Warning: ignoring null tag in /home/pi/cirmrasp/clients/raspberry/rasp.js
geany: Warning: ignoring null tag in /home/pi/cirmrasp/clients/raspberry/rasp.js
geany: Warning: ignoring null tag in /home/pi/cirmrasp/clients/raspberry/rasp.js
geany: Warning: ignoring null tag in /home/pi/cirmrasp/clients/raspberry/rasp.js
geany: Warning: ignoring null tag in /home/pi/cirmrasp/clients/raspberry/rasp.js
geany: Warning: ignoring null tag in /home/pi/cirmrasp/clients/raspberry/rasp.js
geany: Warning: ignoring null tag in /home/pi/cirmrasp/clients/raspberry/rasp.js
geany: Warning: ignoring null tag in /home/pi/cirmrasp/clients/raspberry/rasp.js
geany: Warning: ignoring null tag in /home/pi/cirmrasp/clients/raspberry/rasp.js
geany: Warning: ignoring null tag in /home/pi/cirmrasp/clients/raspberry/rasp.js
geany: Warning: ignoring null tag in /home/pi/cirmrasp/clients/raspberry/rasp.js
geany: Warning: ignoring null tag in /home/pi/cirmrasp/clients/raspberry/rasp.js
geany: Warning: ignoring null tag in /home/pi/cirmrasp/clients/raspberry/rasp.js
geany: Warning: ignoring null tag in /home/pi/cirmrasp/clients/raspberry/rasp.js
geany: Warning: ignoring null tag in /home/pi/cirmrasp/clients/raspberry/rasp.js
geany: Warning: ignoring null tag in /home/pi/cirmrasp/clients/raspberry/rasp.js
geany: Warning: ignoring null tag in /home/pi/cirmrasp/clients/raspberry/rasp.js
geany: Warning: ignoring null tag in /home/pi/cirmrasp/clients/raspberry/rasp.js
geany: Warning: ignoring null tag in /home/pi/cirmrasp/clients/raspberry/rasp.js
geany: Warning: ignoring null tag in /home/pi/cirmrasp/clients/raspberry/rasp.js
geany: Warning: ignoring null tag in /home/pi/cirmrasp/clients/raspberry/rasp.js
geany: Warning: ignoring null tag in /home/pi/cirmrasp/clients/raspberry/rasp.js
geany: Warning: ignoring null tag in /home/pi/cirmrasp/clients/raspberry/rasp.js
geany: Warning: ignoring null tag in /home/pi/cirmrasp/clients/raspberry/rasp.js
geany: Warning: ignoring null tag in /home/pi/cirmrasp/clients/raspberry/rasp.js
geany: Warning: ignoring null tag in /home/pi/cirmrasp/clients/raspberry/rasp.js
geany: Warning: ignoring null tag in /home/pi/cirmrasp/clients/raspberry/rasp.js
geany: Warning: ignoring null tag in /home/pi/cirmrasp/clients/raspberry/rasp.js
geany: Warning: ignoring null tag in /home/pi/cirmrasp/clients/raspberry/rasp.js
geany: Warning: ignoring null tag in /home/pi/cirmrasp/clients/raspberry/rasp.js
geany: Warning: ignoring null tag in /home/pi/cirmrasp/clients/raspberry/rasp.js
geany: Warning: ignoring null tag in /home/pi/cirmrasp/clients/raspberry/rasp.js
geany: Warning: ignoring null tag in /home/pi/cirmrasp/clients/raspberry/rasp.js
geany: Warning: ignoring null tag in /home/pi/cirmrasp/clients/raspberry/rasp.js
geany: Warning: ignoring null tag in /home/pi/cirmrasp/clients/raspberry/rasp.js
geany: Warning: ignoring null tag in /home/pi/cirmrasp/clients/raspberry/rasp.js
geany: Warning: ignoring null tag in /home/pi/cirmrasp/clients/raspberry/rasp.js
geany: Warning: ignoring null tag in /home/pi/cirmrasp/clients/raspberry/rasp.js
geany: Warning: ignoring null tag in /home/pi/cirmrasp/clients/raspberry/rasp.js
geany: Warning: ignoring null tag in /home/pi/cirmrasp/clients/raspberry/rasp.js
geany: Warning: ignoring null tag in /home/pi/cirmrasp/clients/raspberry/rasp.js
geany: Warning: ignoring null tag in /home/pi/cirmrasp/clients/raspberry/rasp.js
geany: Warning: ignoring null tag in /home/pi/cirmrasp/clients/raspberry/rasp.js
geany: Warning: ignoring null tag in /home/pi/cirmrasp/clients/raspberry/rasp.js
geany: Warning: ignoring null tag in /home/pi/cirmrasp/clients/raspberry/rasp.js
geany: Warning: ignoring null tag in /home/pi/cirmrasp/clients/raspberry/rasp.js
geany: Warning: ignoring null tag in /home/pi/cirmrasp/clients/raspberry/rasp.js
geany: Warning: ignoring null tag in /home/pi/cirmrasp/clients/raspberry/rasp.js
geany: Warning: ignoring null tag in /home/pi/cirmrasp/clients/raspberry/rasp.js
geany: Warning: ignoring null tag in /home/pi/cirmrasp/clients/raspberry/rasp.js
geany: Warning: ignoring null tag in /home/pi/cirmrasp/clients/raspberry/rasp.js
geany: Warning: ignoring null tag in /home/pi/cirmrasp/clients/raspberry/rasp.js
geany: Warning: ignoring null tag in /home/pi/cirmrasp/clients/raspberry/rasp.js
geany: Warning: ignoring null tag in /home/pi/cirmrasp/clients/raspberry/rasp.js
geany: Warning: ignoring null tag in /home/pi/cirmrasp/clients/raspberry/rasp.js
geany: Warning: ignoring null tag in /home/pi/cirmrasp/clients/raspberry/rasp.js
geany: Warning: ignoring null tag in /home/pi/cirmrasp/clients/raspberry/rasp.js
geany: Warning: ignoring null tag in /home/pi/cirmrasp/clients/raspberry/rasp.js
geany: Warning: ignoring null tag in /home/pi/cirmrasp/clients/raspberry/rasp.js
geany: Warning: ignoring null tag in /home/pi/cirmrasp/clients/raspberry/rasp.js
geany: Warning: ignoring null tag in /home/pi/cirmrasp/clients/raspberry/rasp.js
geany: Warning: ignoring null tag in /home/pi/cirmrasp/clients/raspberry/rasp.js
geany: Warning: ignoring null tag in /home/pi/cirmrasp/clients/raspberry/rasp.js
geany: Warning: ignoring null tag in /home/pi/cirmrasp/clients/raspberry/rasp.js
geany: Warning: ignoring null tag in /home/pi/cirmrasp/clients/raspberry/rasp.js
geany: Warning: ignoring null tag in /home/pi/cirmrasp/clients/raspberry/rasp.js
geany: Warning: ignoring null tag in /home/pi/cirmrasp/clients/raspberry/rasp.js
geany: Warning: ignoring null tag in /home/pi/cirmrasp/clients/raspberry/rasp.js
geany: Warning: ignoring null tag in /home/pi/cirmrasp/clients/raspberry/rasp.js
geany: Warning: ignoring null tag in /home/pi/cirmrasp/clients/raspberry/rasp.js
geany: Warning: ignoring null tag in /home/pi/cirmrasp/clients/raspberry/rasp.js
geany: Warning: ignoring null tag in /home/pi/cirmrasp/clients/raspberry/rasp.js
geany: Warning: ignoring null tag in /home/pi/cirmrasp/clients/raspberry/rasp.js
geany: Warning: ignoring null tag in /home/pi/cirmrasp/clients/raspberry/rasp.js
geany: Warning: ignoring null tag in /home/pi/cirmrasp/clients/raspberry/rasp.js
geany: Warning: ignoring null tag in /home/pi/cirmrasp/clients/raspberry/rasp.js
geany: Warning: ignoring null tag in /home/pi/cirmrasp/clients/raspberry/rasp.js
geany: Warning: ignoring null tag in /home/pi/cirmrasp/clients/raspberry/rasp.js
geany: Warning: ignoring null tag in /home/pi/cirmrasp/clients/raspberry/rasp.js
geany: Warning: ignoring null tag in /home/pi/cirmrasp/clients/raspberry/rasp.js
geany: Warning: ignoring null tag in /home/pi/cirmrasp/clients/raspberry/rasp.js
geany: Warning: ignoring null tag in /home/pi/cirmrasp/clients/raspberry/rasp.js
geany: Warning: ignoring null tag in /home/pi/cirmrasp/clients/raspberry/rasp.js
geany: Warning: ignoring null tag in /home/pi/cirmrasp/clients/raspberry/rasp.js
geany: Warning: ignoring null tag in /home/pi/cirmrasp/clients/raspberry/rasp.js
geany: Warning: ignoring null tag in /home/pi/cirmrasp/clients/raspberry/rasp.js
geany: Warning: ignoring null tag in /home/pi/cirmrasp/clients/raspberry/rasp.js
geany: Warning: ignoring null tag in /home/pi/cirmrasp/clients/raspberry/rasp.js
geany: Warning: ignoring null tag in /home/pi/cirmrasp/clients/raspberry/rasp.js
geany: Warning: ignoring null tag in /home/pi/cirmrasp/clients/raspberry/rasp.js
geany: Warning: ignoring null tag in /home/pi/cirmrasp/clients/raspberry/rasp.js
geany: Warning: ignoring null tag in /home/pi/cirmrasp/clients/raspberry/rasp.js
geany: Warning: ignoring null tag in /home/pi/cirmrasp/clients/raspberry/rasp.js
geany: Warning: ignoring null tag in /home/pi/cirmrasp/clients/raspberry/rasp.js
geany: Warning: ignoring null tag in /home/pi/cirmrasp/clients/raspberry/rasp.js
geany: Warning: ignoring null tag in /home/pi/cirmrasp/clients/raspberry/rasp.js
geany: Warning: ignoring null tag in /home/pi/cirmrasp/clients/raspberry/rasp.js
geany: Warning: ignoring null tag in /home/pi/cirmrasp/clients/raspberry/rasp.js
geany: Warning: ignoring null tag in /home/pi/cirmrasp/clients/raspberry/rasp.js
libGL error: No matching fbConfigs or visuals found
libGL error: failed to load driver: swrast
geany: Warning: ignoring null tag in /home/pi/cirmrasp/clients/raspberry/rasp.js
geany: Warning: ignoring null tag in /home/pi/cirmrasp/clients/raspberry/rasp.js
geany: Warning: ignoring null tag in /home/pi/cirmrasp/clients/raspberry/rasp.js
geany: Warning: ignoring null tag in /home/pi/cirmrasp/clients/raspberry/rasp.js
geany: Warning: ignoring null tag in /home/pi/cirmrasp/clients/raspberry/rasp.js
geany: Warning: ignoring null tag in /home/pi/cirmrasp/clients/raspberry/rasp.js
geany: Warning: ignoring null tag in /home/pi/cirmrasp/clients/raspberry/rasp.js
geany: Warning: ignoring null tag in /home/pi/cirmrasp/clients/raspberry/rasp.js
geany: Warning: ignoring null tag in /home/pi/cirmrasp/clients/raspberry/rasp.js
geany: Warning: ignoring null tag in /home/pi/cirmrasp/clients/raspberry/rasp.js
geany: Warning: ignoring null tag in /home/pi/cirmrasp/clients/raspberry/rasp.js
geany: Warning: ignoring null tag in /home/pi/cirmrasp/clients/raspberry/rasp.js
geany: Warning: ignoring null tag in /home/pi/cirmrasp/clients/raspberry/rasp.js
geany: Warning: ignoring null tag in /home/pi/cirmrasp/clients/raspberry/rasp.js
geany: Warning: ignoring null tag in /home/pi/cirmrasp/clients/raspberry/rasp.js
geany: Warning: ignoring null tag in /home/pi/cirmrasp/clients/raspberry/rasp.js
geany: Warning: ignoring null tag in /home/pi/cirmrasp/clients/raspberry/rasp.js
geany: Warning: ignoring null tag in /home/pi/cirmrasp/clients/raspberry/rasp.js
geany: Warning: ignoring null tag in /home/pi/cirmrasp/clients/raspberry/rasp.js
geany: Warning: ignoring null tag in /home/pi/cirmrasp/clients/raspberry/rasp.js
geany: Warning: ignoring null tag in /home/pi/cirmrasp/clients/raspberry/rasp.js
geany: Warning: ignoring null tag in /home/pi/cirmrasp/clients/raspberry/rasp.js
geany: Warning: ignoring null tag in /home/pi/cirmrasp/clients/raspberry/rasp.js
geany: Warning: ignoring null tag in /home/pi/cirmrasp/clients/raspberry/rasp.js
geany: Warning: ignoring null tag in /home/pi/cirmrasp/clients/raspberry/rasp.js
geany: Warning: ignoring null tag in /home/pi/cirmrasp/clients/raspberry/rasp.js
geany: Warning: ignoring null tag in /home/pi/cirmrasp/clients/raspberry/rasp.js
geany: Warning: ignoring null tag in /home/pi/cirmrasp/clients/raspberry/rasp.js
geany: Warning: ignoring null tag in /home/pi/cirmrasp/clients/raspberry/rasp.js
geany: Warning: ignoring null tag in /home/pi/cirmrasp/clients/raspberry/rasp.js
geany: Warning: ignoring null tag in /home/pi/cirmrasp/clients/raspberry/rasp.js
geany: Warning: ignoring null tag in /home/pi/cirmrasp/clients/raspberry/rasp.js
geany: Warning: ignoring null tag in /home/pi/cirmrasp/clients/raspberry/rasp.js
geany: Warning: ignoring null tag in /home/pi/cirmrasp/clients/raspberry/rasp.js
geany: Warning: ignoring null tag in /home/pi/cirmrasp/clients/raspberry/rasp.js
geany: Warning: ignoring null tag in /home/pi/cirmrasp/clients/raspberry/rasp.js
geany: Warning: ignoring null tag in /home/pi/cirmrasp/clients/raspberry/rasp.js
geany: Warning: ignoring null tag in /home/pi/cirmrasp/clients/raspberry/rasp.js
geany: Warning: ignoring null tag in /home/pi/cirmrasp/clients/raspberry/rasp.js
geany: Warning: ignoring null tag in /home/pi/cirmrasp/clients/raspberry/rasp.js
geany: Warning: ignoring null tag in /home/pi/cirmrasp/clients/raspberry/rasp.js
geany: Warning: ignoring null tag in /home/pi/cirmrasp/clients/raspberry/rasp.js
geany: Warning: ignoring null tag in /home/pi/cirmrasp/clients/raspberry/rasp.js
geany: Warning: ignoring null tag in /home/pi/cirmrasp/clients/raspberry/rasp.js
geany: Warning: ignoring null tag in /home/pi/cirmrasp/clients/raspberry/rasp.js
geany: Warning: ignoring null tag in /home/pi/cirmrasp/clients/raspberry/rasp.js
geany: Warning: ignoring null tag in /home/pi/cirmrasp/clients/raspberry/rasp.js
geany: Warning: ignoring null tag in /home/pi/cirmrasp/clients/raspberry/rasp.js
geany: Warning: ignoring null tag in /home/pi/cirmrasp/clients/raspberry/rasp.js
geany: Warning: ignoring null tag in /home/pi/cirmrasp/clients/raspberry/rasp.js
geany: Warning: ignoring null tag in /home/pi/cirmrasp/clients/raspberry/rasp.js
geany: Warning: ignoring null tag in /home/pi/cirmrasp/clients/raspberry/rasp.js
geany: Warning: ignoring null tag in /home/pi/cirmrasp/clients/raspberry/rasp.js
geany: Warning: ignoring null tag in /home/pi/cirmrasp/clients/raspberry/rasp.js
geany: Warning: ignoring null tag in /home/pi/cirmrasp/clients/raspberry/rasp.js
geany: Warning: ignoring null tag in /home/pi/cirmrasp/clients/raspberry/rasp.js
geany: Warning: ignoring null tag in /home/pi/cirmrasp/clients/raspberry/rasp.js
geany: Warning: ignoring null tag in /home/pi/cirmrasp/clients/raspberry/rasp.js
geany: Warning: ignoring null tag in /home/pi/cirmrasp/clients/raspberry/rasp.js
geany: Warning: ignoring null tag in /home/pi/cirmrasp/clients/raspberry/rasp.js
geany: Warning: ignoring null tag in /home/pi/cirmrasp/clients/raspberry/rasp.js
geany: Warning: ignoring null tag in /home/pi/cirmrasp/clients/raspberry/rasp.js
geany: Warning: ignoring null tag in /home/pi/cirmrasp/clients/raspberry/rasp.js
geany: Warning: ignoring null tag in /home/pi/cirmrasp/clients/raspberry/rasp.js
geany: Warning: ignoring null tag in /home/pi/cirmrasp/clients/raspberry/rasp.js
geany: Warning: ignoring null tag in /home/pi/cirmrasp/clients/raspberry/rasp.js
geany: Warning: ignoring null tag in /home/pi/cirmrasp/clients/raspberry/rasp.js
geany: Warning: ignoring null tag in /home/pi/cirmrasp/clients/raspberry/rasp.js
geany: Warning: ignoring null tag in /home/pi/cirmrasp/clients/raspberry/rasp.js
geany: Warning: ignoring null tag in /home/pi/cirmrasp/clients/raspberry/rasp.js
geany: Warning: ignoring null tag in /home/pi/cirmrasp/clients/raspberry/rasp.js
geany: Warning: ignoring null tag in /home/pi/cirmrasp/clients/raspberry/rasp.js
geany: Warning: ignoring null tag in /home/pi/cirmrasp/clients/raspberry/rasp.js
geany: Warning: ignoring null tag in /home/pi/cirmrasp/clients/raspberry/rasp.js
geany: Warning: ignoring null tag in /home/pi/cirmrasp/clients/raspberry/rasp.js
geany: Warning: ignoring null tag in /home/pi/cirmrasp/clients/raspberry/rasp.js
geany: Warning: ignoring null tag in /home/pi/cirmrasp/clients/raspberry/rasp.js
geany: Warning: ignoring null tag in /home/pi/cirmrasp/clients/raspberry/rasp.js
geany: Warning: ignoring null tag in /home/pi/cirmrasp/clients/raspberry/rasp.js
geany: Warning: ignoring null tag in /home/pi/cirmrasp/clients/raspberry/rasp.js
geany: Warning: ignoring null tag in /home/pi/cirmrasp/clients/raspberry/rasp.js
geany: Warning: ignoring null tag in /home/pi/cirmrasp/clients/raspberry/rasp.js
geany: Warning: ignoring null tag in /home/pi/cirmrasp/clients/raspberry/rasp.js
geany: Warning: ignoring null tag in /home/pi/cirmrasp/clients/raspberry/rasp.js
geany: Warning: ignoring null tag in /home/pi/cirmrasp/clients/raspberry/rasp.js
geany: Warning: ignoring null tag in /home/pi/cirmrasp/clients/raspberry/rasp.js
geany: Warning: ignoring null tag in /home/pi/cirmrasp/clients/raspberry/rasp.js
geany: Warning: ignoring null tag in /home/pi/cirmrasp/clients/raspberry/rasp.js
geany: Warning: ignoring null tag in /home/pi/cirmrasp/clients/raspberry/rasp.js
geany: Warning: ignoring null tag in /home/pi/cirmrasp/clients/raspberry/rasp.js
geany: Warning: ignoring null tag in /home/pi/cirmrasp/clients/raspberry/rasp.js
geany: Warning: ignoring null tag in /home/pi/cirmrasp/clients/raspberry/rasp.js
geany: Warning: ignoring null tag in /home/pi/cirmrasp/clients/raspberry/rasp.js
geany: Warning: ignoring null tag in /home/pi/cirmrasp/clients/raspberry/rasp.js
geany: Warning: ignoring null tag in /home/pi/cirmrasp/clients/raspberry/rasp.js
geany: Warning: ignoring null tag in /home/pi/cirmrasp/clients/raspberry/rasp.js
geany: Warning: ignoring null tag in /home/pi/cirmrasp/clients/raspberry/rasp.js
geany: Warning: ignoring null tag in /home/pi/cirmrasp/clients/raspberry/rasp.js
geany: Warning: ignoring null tag in /home/pi/cirmrasp/clients/raspberry/rasp.js
geany: Warning: ignoring null tag in /home/pi/cirmrasp/clients/raspberry/rasp.js
geany: Warning: ignoring null tag in /home/pi/cirmrasp/clients/raspberry/rasp.js
geany: Warning: ignoring null tag in /home/pi/cirmrasp/clients/raspberry/rasp.js
geany: Warning: ignoring null tag in /home/pi/cirmrasp/clients/raspberry/rasp.js
geany: Warning: ignoring null tag in /home/pi/cirmrasp/clients/raspberry/rasp.js
geany: Warning: ignoring null tag in /home/pi/cirmrasp/clients/raspberry/rasp.js
geany: Warning: ignoring null tag in /home/pi/cirmrasp/clients/raspberry/rasp.js
geany: Warning: ignoring null tag in /home/pi/cirmrasp/clients/raspberry/rasp.js
geany: Warning: ignoring null tag in /home/pi/cirmrasp/clients/raspberry/rasp.js
geany: Warning: ignoring null tag in /home/pi/cirmrasp/clients/raspberry/rasp.js
geany: Warning: ignoring null tag in /home/pi/cirmrasp/clients/raspberry/rasp.js
geany: Warning: ignoring null tag in /home/pi/cirmrasp/clients/raspberry/rasp.js
geany: Warning: ignoring null tag in /home/pi/cirmrasp/clients/raspberry/rasp.js
geany: Warning: ignoring null tag in /home/pi/cirmrasp/clients/raspberry/rasp.js
geany: Warning: ignoring null tag in /home/pi/cirmrasp/clients/raspberry/rasp.js
geany: Warning: ignoring null tag in /home/pi/cirmrasp/clients/raspberry/rasp.js
geany: Warning: ignoring null tag in /home/pi/cirmrasp/clients/raspberry/rasp.js
geany: Warning: ignoring null tag in /home/pi/cirmrasp/clients/raspberry/rasp.js
geany: Warning: ignoring null tag in /home/pi/cirmrasp/clients/raspberry/rasp.js
geany: Warning: ignoring null tag in /home/pi/cirmrasp/clients/raspberry/rasp.js
geany: Warning: ignoring null tag in /home/pi/cirmrasp/clients/raspberry/rasp.js
geany: Warning: ignoring null tag in /home/pi/cirmrasp/clients/raspberry/rasp.js
geany: Warning: ignoring null tag in /home/pi/cirmrasp/clients/raspberry/rasp.js
geany: Warning: ignoring null tag in /home/pi/cirmrasp/clients/raspberry/rasp.js
geany: Warning: ignoring null tag in /home/pi/cirmrasp/clients/raspberry/rasp.js
geany: Warning: ignoring null tag in /home/pi/cirmrasp/clients/raspberry/rasp.js
geany: Warning: ignoring null tag in /home/pi/cirmrasp/clients/raspberry/rasp.js
geany: Warning: ignoring null tag in /home/pi/cirmrasp/clients/raspberry/rasp.js
geany: Warning: ignoring null tag in /home/pi/cirmrasp/clients/raspberry/rasp.js
geany: Warning: ignoring null tag in /home/pi/cirmrasp/clients/raspberry/rasp.js
geany: Warning: ignoring null tag in /home/pi/cirmrasp/clients/raspberry/rasp.js
geany: Warning: ignoring null tag in /home/pi/cirmrasp/clients/raspberry/rasp.js
geany: Warning: ignoring null tag in /home/pi/cirmrasp/clients/raspberry/rasp.js
geany: Warning: ignoring null tag in /home/pi/cirmrasp/clients/raspberry/rasp.js
geany: Warning: ignoring null tag in /home/pi/cirmrasp/clients/raspberry/rasp.js
geany: Warning: ignoring null tag in /home/pi/cirmrasp/clients/raspberry/rasp.js
geany: Warning: ignoring null tag in /home/pi/cirmrasp/clients/raspberry/rasp.js
geany: Warning: ignoring null tag in /home/pi/cirmrasp/clients/raspberry/rasp.js
geany: Warning: ignoring null tag in /home/pi/cirmrasp/clients/raspberry/rasp.js
geany: Warning: ignoring null tag in /home/pi/cirmrasp/clients/raspberry/rasp.js
geany: Warning: ignoring null tag in /home/pi/cirmrasp/clients/raspberry/rasp.js
geany: Warning: ignoring null tag in /home/pi/cirmrasp/clients/raspberry/rasp.js
geany: Warning: ignoring null tag in /home/pi/cirmrasp/clients/raspberry/rasp.js
geany: Warning: ignoring null tag in /home/pi/cirmrasp/clients/raspberry/rasp.js
geany: Warning: ignoring null tag in /home/pi/cirmrasp/clients/raspberry/rasp.js
geany: Warning: ignoring null tag in /home/pi/cirmrasp/clients/raspberry/rasp.js
geany: Warning: ignoring null tag in /home/pi/cirmrasp/clients/raspberry/rasp.js
geany: Warning: ignoring null tag in /home/pi/cirmrasp/clients/raspberry/rasp.js
geany: Warning: ignoring null tag in /home/pi/cirmrasp/clients/raspberry/rasp.js
geany: Warning: ignoring null tag in /home/pi/cirmrasp/clients/raspberry/rasp.js
geany: Warning: ignoring null tag in /home/pi/cirmrasp/clients/raspberry/rasp.js
geany: Warning: ignoring null tag in /home/pi/cirmrasp/clients/raspberry/rasp.js
geany: Warning: ignoring null tag in /home/pi/cirmrasp/clients/raspberry/rasp.js
geany: Warning: ignoring null tag in /home/pi/cirmrasp/clients/raspberry/rasp.js
geany: Warning: ignoring null tag in /home/pi/cirmrasp/clients/raspberry/rasp.js
geany: Warning: ignoring null tag in /home/pi/cirmrasp/clients/raspberry/rasp.js
geany: Warning: ignoring null tag in /home/pi/cirmrasp/clients/raspberry/rasp.js
geany: Warning: ignoring null tag in /home/pi/cirmrasp/clients/raspberry/rasp.js
geany: Warning: ignoring null tag in /home/pi/cirmrasp/clients/raspberry/rasp.js
geany: Warning: ignoring null tag in /home/pi/cirmrasp/clients/raspberry/rasp.js
geany: Warning: ignoring null tag in /home/pi/cirmrasp/clients/raspberry/rasp.js
geany: Warning: ignoring null tag in /home/pi/cirmrasp/clients/raspberry/rasp.js
geany: Warning: ignoring null tag in /home/pi/cirmrasp/clients/raspberry/rasp.js
geany: Warning: ignoring null tag in /home/pi/cirmrasp/clients/raspberry/rasp.js
geany: Warning: ignoring null tag in /home/pi/cirmrasp/clients/raspberry/rasp.js
geany: Warning: ignoring null tag in /home/pi/cirmrasp/clients/raspberry/rasp.js
geany: Warning: ignoring null tag in /home/pi/cirmrasp/clients/raspberry/rasp.js
geany: Warning: ignoring null tag in /home/pi/cirmrasp/clients/raspberry/rasp.js
geany: Warning: ignoring null tag in /home/pi/cirmrasp/clients/raspberry/rasp.js
geany: Warning: ignoring null tag in /home/pi/cirmrasp/clients/raspberry/rasp.js
geany: Warning: ignoring null tag in /home/pi/cirmrasp/clients/raspberry/rasp.js
geany: Warning: ignoring null tag in /home/pi/cirmrasp/clients/raspberry/rasp.js
geany: Warning: ignoring null tag in /home/pi/cirmrasp/clients/raspberry/rasp.js
geany: Warning: ignoring null tag in /home/pi/cirmrasp/clients/raspberry/rasp.js
geany: Warning: ignoring null tag in /home/pi/cirmrasp/clients/raspberry/rasp.js
geany: Warning: ignoring null tag in /home/pi/cirmrasp/clients/raspberry/rasp.js
geany: Warning: ignoring null tag in /home/pi/cirmrasp/clients/raspberry/rasp.js
geany: Warning: ignoring null tag in /home/pi/cirmrasp/clients/raspberry/rasp.js
geany: Warning: ignoring null tag in /home/pi/cirmrasp/clients/raspberry/rasp.js
geany: Warning: ignoring null tag in /home/pi/cirmrasp/clients/raspberry/rasp.js
geany: Warning: ignoring null tag in /home/pi/cirmrasp/clients/raspberry/rasp.js
geany: Warning: ignoring null tag in /home/pi/cirmrasp/clients/raspberry/rasp.js
geany: Warning: ignoring null tag in /home/pi/cirmrasp/clients/raspberry/rasp.js
geany: Warning: ignoring null tag in /home/pi/cirmrasp/clients/raspberry/rasp.js
geany: Warning: ignoring null tag in /home/pi/cirmrasp/clients/raspberry/rasp.js
geany: Warning: ignoring null tag in /home/pi/cirmrasp/clients/raspberry/rasp.js
geany: Warning: ignoring null tag in /home/pi/cirmrasp/clients/raspberry/rasp.js
Gdk-Message: 10:59:46.548: geany: Fatal IO error 11 (Ressource temporairement non disponible) on X server localhost:10.0.

geany: Warning: ignoring null tag in /home/pi/cirmrasp/clients/raspberry/rasp.js
geany: Warning: ignoring null tag in /home/pi/cirmrasp/clients/raspberry/rasp.js
Gdk-Message: 11:18:26.502: geany: Fatal IO error 4 (Appel système interrompu) on X server localhost:10.0.

